[debug] [2021-09-16T15:13:57.103Z] ----------------------------------------------------------------------
[debug] [2021-09-16T15:13:57.107Z] Command:       C:\Program Files\nodejs\node.exe C:\Program Files\nodejs\node_modules\firebase-tools\lib\bin\firebase.js init
[debug] [2021-09-16T15:13:57.108Z] CLI Version:   9.18.0
[debug] [2021-09-16T15:13:57.109Z] Platform:      win32
[debug] [2021-09-16T15:13:57.109Z] Node Version:  v16.1.0
[debug] [2021-09-16T15:13:57.111Z] Time:          Thu Sep 16 2021 18:13:57 GMT+0300 (Москва, стандартное время)
[debug] [2021-09-16T15:13:57.112Z] ----------------------------------------------------------------------
[debug] 
[debug] [2021-09-16T15:13:57.248Z] > command requires scopes: ["email","openid","https://www.googleapis.com/auth/cloudplatformprojects.readonly","https://www.googleapis.com/auth/firebase","https://www.googleapis.com/auth/cloud-platform"]
[debug] [2021-09-16T15:13:57.249Z] > authorizing via signed-in user (maksemchuk8@gmail.com)
[info] 
     ######## #### ########  ######## ########     ###     ######  ########
     ##        ##  ##     ## ##       ##     ##  ##   ##  ##       ##
     ######    ##  ########  ######   ########  #########  ######  ######
     ##        ##  ##    ##  ##       ##     ## ##     ##       ## ##
     ##       #### ##     ## ######## ########  ##     ##  ######  ########

You're about to initialize a Firebase project in this directory:

  C:\Users\Алина\weather2

Before we get started, keep in mind:

  * You are initializing within an existing Firebase project directory

[info] 
=== Project Setup
[info] 
[info] First, let's associate this project directory with a Firebase project.
[info] You can create multiple project aliases by running firebase use --add, 
[info] but for now we'll just set up a default project.
[info] 
[info] i  .firebaserc already has a default project, using weather-8f59e. 
[debug] [2021-09-16T15:14:02.590Z] >>> [apiv2][query] GET https://firebase.googleapis.com/v1beta1/projects/weather-8f59e [none]
[debug] [2021-09-16T15:14:02.863Z] <<< [apiv2][status] GET https://firebase.googleapis.com/v1beta1/projects/weather-8f59e 403
[debug] [2021-09-16T15:14:02.864Z] <<< [apiv2][body] GET https://firebase.googleapis.com/v1beta1/projects/weather-8f59e {"error":{"code":403,"message":"The caller does not have permission","status":"PERMISSION_DENIED"}}
[debug] [2021-09-16T15:14:02.864Z] HTTP Error: 403, The caller does not have permission
[debug] [2021-09-16T15:14:02.934Z] FirebaseError: HTTP Error: 403, The caller does not have permission
    at module.exports (C:\Program Files\nodejs\node_modules\firebase-tools\lib\responseToError.js:38:12)
    at Client.doRequest (C:\Program Files\nodejs\node_modules\firebase-tools\lib\apiv2.js:238:23)
    at processTicksAndRejections (node:internal/process/task_queues:96:5)
    at async Client.request (C:\Program Files\nodejs\node_modules\firebase-tools\lib\apiv2.js:96:20)
    at async Object.getFirebaseProject (C:\Program Files\nodejs\node_modules\firebase-tools\lib\management\projects.js:290:21)
    at async Object.doSetup [as project] (C:\Program Files\nodejs\node_modules\firebase-tools\lib\init\features\project.js:77:27)
    at async init (C:\Program Files\nodejs\node_modules\firebase-tools\lib\init\index.js:19:9)
[error] 
[error] Error: Failed to get Firebase project weather-8f59e. Please make sure the project exists and your account has permission to access it.
